2018-05-30 15:47:26.492 - INFO 10408 [org.springframework.boot.StartupInfoLogger:50] : Starting SpringbootDemoApplication on PF0W63F9 with PID 10408 (started by 18040111 in D:\WorkSpace Test\springBoot-parent)
2018-05-30 15:47:26.497 - INFO 10408 [org.springframework.boot.SpringApplication:659] : No active profile set, falling back to default profiles: default
2018-05-30 15:47:26.655 - INFO 10408 [org.springframework.context.support.AbstractApplicationContext:590] : Refreshing org.springframework.boot.web.servlet.context.AnnotationConfigServletWebServerApplicationContext@3911c2a7: startup date [Wed May 30 15:47:26 CST 2018]; root of context hierarchy
2018-05-30 15:47:28.474 - INFO 10408 [org.springframework.beans.factory.support.DefaultListableBeanFactory:824] : Overriding bean definition for bean 'dataSource' with a different definition: replacing [Root bean: class [null]; scope=; abstract=false; lazyInit=false; autowireMode=3; dependencyCheck=0; autowireCandidate=true; primary=false; factoryBeanName=org.springframework.boot.autoconfigure.jdbc.DataSourceConfiguration$Generic; factoryMethodName=dataSource; initMethodName=null; destroyMethodName=(inferred); defined in class path resource [org/springframework/boot/autoconfigure/jdbc/DataSourceConfiguration$Generic.class]] with [Root bean: class [null]; scope=; abstract=false; lazyInit=false; autowireMode=3; dependencyCheck=0; autowireCandidate=true; primary=false; factoryBeanName=org.springframework.boot.autoconfigure.jdbc.DataSourceConfiguration$Hikari; factoryMethodName=dataSource; initMethodName=null; destroyMethodName=(inferred); defined in class path resource [org/springframework/boot/autoconfigure/jdbc/DataSourceConfiguration$Hikari.class]]
2018-05-30 15:47:28.555 - INFO 10408 [org.springframework.data.repository.config.RepositoryConfigurationDelegate:163] : Multiple Spring Data modules found, entering strict repository configuration mode!
2018-05-30 15:47:28.626 - INFO 10408 [org.springframework.data.repository.config.RepositoryConfigurationDelegate:163] : Multiple Spring Data modules found, entering strict repository configuration mode!
2018-05-30 15:47:28.640 - INFO 10408 [org.springframework.data.repository.config.RepositoryConfigurationExtensionSupport:297] : Spring Data Redis - Could not safely identify store assignment for repository candidate interface com.xinho.springboot.jpa.dao.UserStoreDao.
2018-05-30 15:47:29.030 - INFO 10408 [org.springframework.context.support.PostProcessorRegistrationDelegate$BeanPostProcessorChecker:328] : Bean 'org.springframework.amqp.rabbit.annotation.RabbitBootstrapConfiguration' of type [org.springframework.amqp.rabbit.annotation.RabbitBootstrapConfiguration$$EnhancerBySpringCGLIB$$dc159f50] is not eligible for getting processed by all BeanPostProcessors (for example: not eligible for auto-proxying)
2018-05-30 15:47:29.089 - INFO 10408 [org.springframework.context.support.PostProcessorRegistrationDelegate$BeanPostProcessorChecker:328] : Bean 'org.springframework.transaction.annotation.ProxyTransactionManagementConfiguration' of type [org.springframework.transaction.annotation.ProxyTransactionManagementConfiguration$$EnhancerBySpringCGLIB$$15a9e122] is not eligible for getting processed by all BeanPostProcessors (for example: not eligible for auto-proxying)
2018-05-30 15:47:29.123 - INFO 10408 [org.springframework.context.support.PostProcessorRegistrationDelegate$BeanPostProcessorChecker:328] : Bean 'org.springframework.cache.annotation.ProxyCachingConfiguration' of type [org.springframework.cache.annotation.ProxyCachingConfiguration$$EnhancerBySpringCGLIB$$5ebc1740] is not eligible for getting processed by all BeanPostProcessors (for example: not eligible for auto-proxying)
2018-05-30 15:47:29.652 - INFO 10408 [org.springframework.boot.web.embedded.tomcat.TomcatWebServer:91] : Tomcat initialized with port(s): 8080 (http)
2018-05-30 15:47:29.665 - INFO 10408 [org.apache.juli.logging.DirectJDKLog:180] : Initializing ProtocolHandler ["http-nio-8080"]
2018-05-30 15:47:29.676 - INFO 10408 [org.apache.juli.logging.DirectJDKLog:180] : Starting service [Tomcat]
2018-05-30 15:47:29.676 - INFO 10408 [org.apache.juli.logging.DirectJDKLog:180] : Starting Servlet Engine: Apache Tomcat/8.5.31
2018-05-30 15:47:29.680 - INFO 10408 [org.apache.juli.logging.DirectJDKLog:180] : The APR based Apache Tomcat Native library which allows optimal performance in production environments was not found on the java.library.path: [D:\JDK1.8\bin;C:\windows\Sun\Java\bin;C:\windows\system32;C:\windows;E:\Ruby\RailsInstaller\Git\cmd;E:\Ruby\RailsInstaller\Ruby2.3.3\bin;C:\ProgramData\Oracle\Java\javapath;C:\app\aa\product\11.2.0\client_1\bin;C:\windows\system32;C:\windows;C:\windows\System32\Wbem;C:\windows\System32\WindowsPowerShell\v1.0\;E:\Apache Maven\apache-maven-3.5.3\bin;E:\Erlang\erl9.3\bin;E:\Git\Git\cmd;E:\NodeJS\node\;%JAVA_HOME%\bin;;E:\Docker\Docker Toolbox;C:\Users\18040111\AppData\Roaming\npm;.]
2018-05-30 15:47:30.034 - INFO 10408 [org.apache.juli.logging.DirectJDKLog:180] : Initializing Spring embedded WebApplicationContext
2018-05-30 15:47:30.034 - INFO 10408 [org.springframework.boot.web.servlet.context.ServletWebServerApplicationContext:285] : Root WebApplicationContext: initialization completed in 3379 ms
2018-05-30 15:47:30.241 - INFO 10408 [org.springframework.boot.web.servlet.ServletRegistrationBean:185] : Servlet dispatcherServlet mapped to [/]
2018-05-30 15:47:30.249 - INFO 10408 [org.springframework.boot.web.servlet.AbstractFilterRegistrationBean:244] : Mapping filter: 'characterEncodingFilter' to: [/*]
2018-05-30 15:47:30.250 - INFO 10408 [org.springframework.boot.web.servlet.AbstractFilterRegistrationBean:244] : Mapping filter: 'hiddenHttpMethodFilter' to: [/*]
2018-05-30 15:47:30.250 - INFO 10408 [org.springframework.boot.web.servlet.AbstractFilterRegistrationBean:244] : Mapping filter: 'httpPutFormContentFilter' to: [/*]
2018-05-30 15:47:30.251 - INFO 10408 [org.springframework.boot.web.servlet.AbstractFilterRegistrationBean:244] : Mapping filter: 'requestContextFilter' to: [/*]
2018-05-30 15:47:30.471 - INFO 10408 [com.zaxxer.hikari.HikariDataSource:110] : HikariPool-1 - Starting...
2018-05-30 15:47:30.780 - INFO 10408 [com.zaxxer.hikari.HikariDataSource:123] : HikariPool-1 - Start completed.
2018-05-30 15:47:30.813 - INFO 10408 [org.springframework.orm.jpa.LocalContainerEntityManagerFactoryBean:361] : Building JPA container EntityManagerFactory for persistence unit 'default'
2018-05-30 15:47:30.824 - INFO 10408 [org.hibernate.jpa.internal.util.LogHelper:31] : HHH000204: Processing PersistenceUnitInfo [
	name: default
	...]
2018-05-30 15:47:30.891 - INFO 10408 [org.hibernate.Version:45] : HHH000412: Hibernate Core {5.2.17.Final}
2018-05-30 15:47:30.892 - INFO 10408 [org.hibernate.cfg.Environment:213] : HHH000206: hibernate.properties not found
2018-05-30 15:47:30.934 - INFO 10408 [org.hibernate.annotations.common.reflection.java.JavaReflectionManager:66] : HCANN000001: Hibernate Commons Annotations {5.0.1.Final}
2018-05-30 15:47:31.085 - INFO 10408 [org.hibernate.dialect.Dialect:157] : HHH000400: Using dialect: org.hibernate.dialect.MySQL5Dialect
2018-05-30 15:47:31.475 - INFO 10408 [org.springframework.orm.jpa.AbstractEntityManagerFactoryBean:415] : Initialized JPA EntityManagerFactory for persistence unit 'default'
2018-05-30 15:47:31.868 - WARN 10408 [org.springframework.boot.autoconfigure.thymeleaf.ThymeleafAutoConfiguration$DefaultTemplateResolverConfiguration:104] : Cannot find template location: classpath:/templates/ (please add some templates or check your Thymeleaf configuration)
2018-05-30 15:47:32.588 - WARN 10408 [org.springframework.boot.autoconfigure.orm.jpa.JpaBaseConfiguration$JpaWebConfiguration$JpaWebMvcConfiguration:235] : spring.jpa.open-in-view is enabled by default. Therefore, database queries may be performed during view rendering. Explicitly configure spring.jpa.open-in-view to disable this warning
2018-05-30 15:47:32.657 - INFO 10408 [org.springframework.web.servlet.handler.AbstractHandlerMethodMapping$MappingRegistry:547] : Mapped "{[/hi]}" onto public java.lang.String com.xinho.springboot.jpa.controller.demoController.hi()
2018-05-30 15:47:32.659 - INFO 10408 [org.springframework.web.servlet.handler.AbstractHandlerMethodMapping$MappingRegistry:547] : Mapped "{[/hi2]}" onto public java.lang.String com.xinho.springboot.jpa.controller.demoController.hi2()
2018-05-30 15:47:32.659 - INFO 10408 [org.springframework.web.servlet.handler.AbstractHandlerMethodMapping$MappingRegistry:547] : Mapped "{[/hi1]}" onto public java.lang.String com.xinho.springboot.jpa.controller.demoController.hi1()
2018-05-30 15:47:32.660 - INFO 10408 [org.springframework.web.servlet.handler.AbstractHandlerMethodMapping$MappingRegistry:547] : Mapped "{[/sendMail3]}" onto public void com.xinho.springboot.mail.controller.MailController.sendAttachmentsMail()
2018-05-30 15:47:32.660 - INFO 10408 [org.springframework.web.servlet.handler.AbstractHandlerMethodMapping$MappingRegistry:547] : Mapped "{[/sendMail4]}" onto public void com.xinho.springboot.mail.controller.MailController.sendInlineResourceMail()
2018-05-30 15:47:32.661 - INFO 10408 [org.springframework.web.servlet.handler.AbstractHandlerMethodMapping$MappingRegistry:547] : Mapped "{[/sendMail1]}" onto public void com.xinho.springboot.mail.controller.MailController.testSimpleMail() throws java.lang.Exception
2018-05-30 15:47:32.661 - INFO 10408 [org.springframework.web.servlet.handler.AbstractHandlerMethodMapping$MappingRegistry:547] : Mapped "{[/sendMail2]}" onto public void com.xinho.springboot.mail.controller.MailController.testHtmlMail() throws java.lang.Exception
2018-05-30 15:47:32.662 - INFO 10408 [org.springframework.web.servlet.handler.AbstractHandlerMethodMapping$MappingRegistry:547] : Mapped "{[/sendMail5]}" onto public void com.xinho.springboot.mail.controller.MailController.sendTemplateMail()
2018-05-30 15:47:32.662 - INFO 10408 [org.springframework.web.servlet.handler.AbstractHandlerMethodMapping$MappingRegistry:547] : Mapped "{[/user]}" onto public java.lang.String com.xinho.springboot.mybatis.controller.MybatisDemoController.getUserStore()
2018-05-30 15:47:32.664 - INFO 10408 [org.springframework.web.servlet.handler.AbstractHandlerMethodMapping$MappingRegistry:547] : Mapped "{[/findStoreById],methods=[GET]}" onto public java.util.List<com.xinho.springboot.jpa.model.UserStoreEntity> com.xinho.springboot.springCache.CacheController.findStoreById(java.lang.String)
2018-05-30 15:47:32.668 - INFO 10408 [org.springframework.web.servlet.handler.AbstractHandlerMethodMapping$MappingRegistry:547] : Mapped "{[/books/getBook/{id}],methods=[GET]}" onto public com.xinho.springboot.swagger.entity.Book com.xinho.springboot.swagger.controller.BookContrller.getBook(java.lang.Long)
2018-05-30 15:47:32.668 - INFO 10408 [org.springframework.web.servlet.handler.AbstractHandlerMethodMapping$MappingRegistry:547] : Mapped "{[/books/getBook],methods=[GET]}" onto public java.util.List<com.xinho.springboot.swagger.entity.Book> com.xinho.springboot.swagger.controller.BookContrller.getBook()
2018-05-30 15:47:32.669 - INFO 10408 [org.springframework.web.servlet.handler.AbstractHandlerMethodMapping$MappingRegistry:547] : Mapped "{[/books/postBook],methods=[POST]}" onto public java.lang.String com.xinho.springboot.swagger.controller.BookContrller.postBook(com.xinho.springboot.swagger.entity.Book)
2018-05-30 15:47:32.669 - INFO 10408 [org.springframework.web.servlet.handler.AbstractHandlerMethodMapping$MappingRegistry:547] : Mapped "{[/books/putUser/{id}],methods=[PUT]}" onto public java.lang.String com.xinho.springboot.swagger.controller.BookContrller.putUser(java.lang.Long,com.xinho.springboot.swagger.entity.Book)
2018-05-30 15:47:32.670 - INFO 10408 [org.springframework.web.servlet.handler.AbstractHandlerMethodMapping$MappingRegistry:547] : Mapped "{[/books/{id}],methods=[DELETE]}" onto public java.lang.String com.xinho.springboot.swagger.controller.BookContrller.deleteUser(java.lang.Long)
2018-05-30 15:47:32.670 - INFO 10408 [org.springframework.web.servlet.handler.AbstractHandlerMethodMapping$MappingRegistry:547] : Mapped "{[/books/hi],methods=[GET]}" onto public java.lang.String com.xinho.springboot.swagger.controller.BookContrller.jsonTest()
2018-05-30 15:47:32.671 - INFO 10408 [org.springframework.web.servlet.handler.AbstractHandlerMethodMapping$MappingRegistry:547] : Mapped "{[/v2/api-docs],methods=[GET],produces=[application/json || application/hal+json]}" onto public org.springframework.http.ResponseEntity<springfox.documentation.spring.web.json.Json> springfox.documentation.swagger2.web.Swagger2Controller.getDocumentation(java.lang.String,javax.servlet.http.HttpServletRequest)
2018-05-30 15:47:32.675 - INFO 10408 [org.springframework.web.servlet.handler.AbstractHandlerMethodMapping$MappingRegistry:547] : Mapped "{[/swagger-resources/configuration/security]}" onto org.springframework.http.ResponseEntity<springfox.documentation.swagger.web.SecurityConfiguration> springfox.documentation.swagger.web.ApiResourceController.securityConfiguration()
2018-05-30 15:47:32.676 - INFO 10408 [org.springframework.web.servlet.handler.AbstractHandlerMethodMapping$MappingRegistry:547] : Mapped "{[/swagger-resources/configuration/ui]}" onto org.springframework.http.ResponseEntity<springfox.documentation.swagger.web.UiConfiguration> springfox.documentation.swagger.web.ApiResourceController.uiConfiguration()
2018-05-30 15:47:32.677 - INFO 10408 [org.springframework.web.servlet.handler.AbstractHandlerMethodMapping$MappingRegistry:547] : Mapped "{[/swagger-resources]}" onto org.springframework.http.ResponseEntity<java.util.List<springfox.documentation.swagger.web.SwaggerResource>> springfox.documentation.swagger.web.ApiResourceController.swaggerResources()
2018-05-30 15:47:32.680 - INFO 10408 [org.springframework.web.servlet.handler.AbstractHandlerMethodMapping$MappingRegistry:547] : Mapped "{[/error]}" onto public org.springframework.http.ResponseEntity<java.util.Map<java.lang.String, java.lang.Object>> org.springframework.boot.autoconfigure.web.servlet.error.BasicErrorController.error(javax.servlet.http.HttpServletRequest)
2018-05-30 15:47:32.680 - INFO 10408 [org.springframework.web.servlet.handler.AbstractHandlerMethodMapping$MappingRegistry:547] : Mapped "{[/error],produces=[text/html]}" onto public org.springframework.web.servlet.ModelAndView org.springframework.boot.autoconfigure.web.servlet.error.BasicErrorController.errorHtml(javax.servlet.http.HttpServletRequest,javax.servlet.http.HttpServletResponse)
2018-05-30 15:47:32.936 - INFO 10408 [org.springframework.web.servlet.handler.AbstractUrlHandlerMapping:373] : Mapped URL path [/**/favicon.ico] onto handler of type [class org.springframework.web.servlet.resource.ResourceHttpRequestHandler]
2018-05-30 15:47:33.147 - INFO 10408 [org.springframework.web.servlet.mvc.method.annotation.RequestMappingHandlerAdapter:574] : Looking for @ControllerAdvice: org.springframework.boot.web.servlet.context.AnnotationConfigServletWebServerApplicationContext@3911c2a7: startup date [Wed May 30 15:47:26 CST 2018]; root of context hierarchy
2018-05-30 15:47:33.199 - INFO 10408 [org.springframework.web.servlet.handler.AbstractUrlHandlerMapping:373] : Mapped URL path [/webjars/**] onto handler of type [class org.springframework.web.servlet.resource.ResourceHttpRequestHandler]
2018-05-30 15:47:33.199 - INFO 10408 [org.springframework.web.servlet.handler.AbstractUrlHandlerMapping:373] : Mapped URL path [/**] onto handler of type [class org.springframework.web.servlet.resource.ResourceHttpRequestHandler]
2018-05-30 15:47:33.864 - WARN 10408 [org.springframework.boot.starter.redis.RedisStarterDeprecationWarningAutoConfiguration:43] : spring-boot-starter-redis is deprecated as of Spring Boot 1.4, please migrate to spring-boot-starter-data-redis
2018-05-30 15:47:33.896 - INFO 10408 [org.springframework.jmx.export.MBeanExporter:433] : Registering beans for JMX exposure on startup
2018-05-30 15:47:33.898 - INFO 10408 [org.springframework.jmx.export.MBeanExporter:895] : Bean with name 'dataSource' has been autodetected for JMX exposure
2018-05-30 15:47:33.907 - INFO 10408 [org.springframework.jmx.export.MBeanExporter:895] : Bean with name 'rabbitConnectionFactory' has been autodetected for JMX exposure
2018-05-30 15:47:33.913 - INFO 10408 [org.springframework.jmx.export.MBeanExporter:668] : Located MBean 'dataSource': registering with JMX server as MBean [com.zaxxer.hikari:name=dataSource,type=HikariDataSource]
2018-05-30 15:47:33.916 - INFO 10408 [org.springframework.jmx.export.MBeanExporter:675] : Located managed bean 'rabbitConnectionFactory': registering with JMX server as MBean [org.springframework.amqp.rabbit.connection:name=rabbitConnectionFactory,type=CachingConnectionFactory]
2018-05-30 15:47:33.949 - INFO 10408 [org.springframework.context.support.DefaultLifecycleProcessor$LifecycleGroup:351] : Starting beans in phase 2147483647
2018-05-30 15:47:33.949 - INFO 10408 [springfox.documentation.spring.web.plugins.DocumentationPluginsBootstrapper:120] : Context refreshed
2018-05-30 15:47:33.974 - INFO 10408 [springfox.documentation.spring.web.plugins.DocumentationPluginsBootstrapper:123] : Found 1 custom documentation plugin(s)
2018-05-30 15:47:33.994 - INFO 10408 [springfox.documentation.spring.web.scanners.ApiListingReferenceScanner:41] : Scanning for api listing references
2018-05-30 15:47:34.446 - INFO 10408 [springfox.documentation.spring.web.readers.operation.CachingOperationNameGenerator:40] : Generating unique operation named: getBookUsingGET_1
2018-05-30 15:47:34.486 - INFO 10408 [org.apache.juli.logging.DirectJDKLog:180] : Starting ProtocolHandler ["http-nio-8080"]
2018-05-30 15:47:34.503 - INFO 10408 [org.apache.juli.logging.DirectJDKLog:180] : Using a shared selector for servlet write/read
2018-05-30 15:47:34.522 - INFO 10408 [org.springframework.boot.web.embedded.tomcat.TomcatWebServer:206] : Tomcat started on port(s): 8080 (http) with context path ''
2018-05-30 15:47:34.526 - INFO 10408 [org.springframework.boot.StartupInfoLogger:59] : Started SpringbootDemoApplication in 8.646 seconds (JVM running for 11.727)
