2018-09-28 14:25:29.478 - INFO 14232 [org.springframework.boot.StartupInfoLogger:50] : Starting SpringbootDemoApplication on PF0W63F9 with PID 14232 (started by 18040111 in D:\WorkSpace Test\springBoot-parent)
2018-09-28 14:25:29.484 - INFO 14232 [org.springframework.boot.SpringApplication:659] : No active profile set, falling back to default profiles: default
2018-09-28 14:25:31.203 - INFO 14232 [org.springframework.context.support.AbstractApplicationContext:590] : Refreshing org.springframework.boot.web.servlet.context.AnnotationConfigServletWebServerApplicationContext@402bba4f: startup date [Fri Sep 28 14:25:31 CST 2018]; root of context hierarchy
2018-09-28 14:25:32.898 - INFO 14232 [org.springframework.data.repository.config.RepositoryConfigurationDelegate:163] : Multiple Spring Data modules found, entering strict repository configuration mode!
2018-09-28 14:25:33.027 - INFO 14232 [org.springframework.data.repository.config.RepositoryConfigurationDelegate:163] : Multiple Spring Data modules found, entering strict repository configuration mode!
2018-09-28 14:25:33.061 - INFO 14232 [org.springframework.data.repository.config.RepositoryConfigurationExtensionSupport:297] : Spring Data Redis - Could not safely identify store assignment for repository candidate interface com.xinho.springboot.jpa.dao.UserStoreDao.
2018-09-28 14:25:33.534 - INFO 14232 [org.springframework.context.support.PostProcessorRegistrationDelegate$BeanPostProcessorChecker:328] : Bean 'org.springframework.amqp.rabbit.annotation.RabbitBootstrapConfiguration' of type [org.springframework.amqp.rabbit.annotation.RabbitBootstrapConfiguration$$EnhancerBySpringCGLIB$$e7e20108] is not eligible for getting processed by all BeanPostProcessors (for example: not eligible for auto-proxying)
2018-09-28 14:25:33.603 - INFO 14232 [org.springframework.context.support.PostProcessorRegistrationDelegate$BeanPostProcessorChecker:328] : Bean 'org.springframework.transaction.annotation.ProxyTransactionManagementConfiguration' of type [org.springframework.transaction.annotation.ProxyTransactionManagementConfiguration$$EnhancerBySpringCGLIB$$217642da] is not eligible for getting processed by all BeanPostProcessors (for example: not eligible for auto-proxying)
2018-09-28 14:25:34.282 - INFO 14232 [org.springframework.boot.web.embedded.tomcat.TomcatWebServer:91] : Tomcat initialized with port(s): 8080 (http)
2018-09-28 14:25:34.298 - INFO 14232 [org.apache.juli.logging.DirectJDKLog:180] : Initializing ProtocolHandler ["http-nio-8080"]
2018-09-28 14:25:34.313 - INFO 14232 [org.apache.juli.logging.DirectJDKLog:180] : Starting service [Tomcat]
2018-09-28 14:25:34.313 - INFO 14232 [org.apache.juli.logging.DirectJDKLog:180] : Starting Servlet Engine: Apache Tomcat/8.5.31
2018-09-28 14:25:34.320 - INFO 14232 [org.apache.juli.logging.DirectJDKLog:180] : The APR based Apache Tomcat Native library which allows optimal performance in production environments was not found on the java.library.path: [D:\JDK1.8\bin;C:\windows\Sun\Java\bin;C:\windows\system32;C:\windows;E:\Ruby\RailsInstaller\Git\cmd;E:\Ruby\RailsInstaller\Ruby2.3.3\bin;C:\ProgramData\Oracle\Java\javapath;C:\app\aa\product\11.2.0\client_1\bin;C:\windows\system32;C:\windows;C:\windows\System32\Wbem;C:\windows\System32\WindowsPowerShell\v1.0\;E:\Apache Maven\apache-maven-3.5.3\bin;E:\Erlang\erl9.3\bin;E:\Git\Git\cmd;E:\NodeJS\node\;%JAVA_HOME%\bin;E:\Mysql Server\mysql-8.0.11-winx64\bin;;E:\Docker\Docker Toolbox;C:\Users\18040111\AppData\Roaming\npm;.]
2018-09-28 14:25:34.667 - INFO 14232 [org.apache.juli.logging.DirectJDKLog:180] : Initializing Spring embedded WebApplicationContext
2018-09-28 14:25:34.668 - INFO 14232 [org.springframework.boot.web.servlet.context.ServletWebServerApplicationContext:285] : Root WebApplicationContext: initialization completed in 3465 ms
2018-09-28 14:25:34.875 - INFO 14232 [org.springframework.boot.web.servlet.ServletRegistrationBean:185] : Servlet dispatcherServlet mapped to [/]
2018-09-28 14:25:34.882 - INFO 14232 [org.springframework.boot.web.servlet.AbstractFilterRegistrationBean:244] : Mapping filter: 'characterEncodingFilter' to: [/*]
2018-09-28 14:25:34.882 - INFO 14232 [org.springframework.boot.web.servlet.AbstractFilterRegistrationBean:244] : Mapping filter: 'hiddenHttpMethodFilter' to: [/*]
2018-09-28 14:25:34.883 - INFO 14232 [org.springframework.boot.web.servlet.AbstractFilterRegistrationBean:244] : Mapping filter: 'httpPutFormContentFilter' to: [/*]
2018-09-28 14:25:34.883 - INFO 14232 [org.springframework.boot.web.servlet.AbstractFilterRegistrationBean:244] : Mapping filter: 'requestContextFilter' to: [/*]
2018-09-28 14:25:36.332 - INFO 14232 [org.springframework.orm.jpa.LocalContainerEntityManagerFactoryBean:361] : Building JPA container EntityManagerFactory for persistence unit 'default'
2018-09-28 14:25:36.346 - INFO 14232 [org.hibernate.jpa.internal.util.LogHelper:31] : HHH000204: Processing PersistenceUnitInfo [
	name: default
	...]
2018-09-28 14:25:36.420 - INFO 14232 [org.hibernate.Version:45] : HHH000412: Hibernate Core {5.2.17.Final}
2018-09-28 14:25:36.422 - INFO 14232 [org.hibernate.cfg.Environment:213] : HHH000206: hibernate.properties not found
2018-09-28 14:25:36.467 - INFO 14232 [org.hibernate.annotations.common.reflection.java.JavaReflectionManager:66] : HCANN000001: Hibernate Commons Annotations {5.0.1.Final}
2018-09-28 14:25:36.711 - INFO 14232 [org.hibernate.dialect.Dialect:157] : HHH000400: Using dialect: org.hibernate.dialect.MySQL5Dialect
2018-09-28 14:25:37.196 - INFO 14232 [org.springframework.orm.jpa.AbstractEntityManagerFactoryBean:415] : Initialized JPA EntityManagerFactory for persistence unit 'default'
2018-09-28 14:25:38.367 - WARN 14232 [org.springframework.boot.autoconfigure.orm.jpa.JpaBaseConfiguration$JpaWebConfiguration$JpaWebMvcConfiguration:235] : spring.jpa.open-in-view is enabled by default. Therefore, database queries may be performed during view rendering. Explicitly configure spring.jpa.open-in-view to disable this warning
2018-09-28 14:25:38.447 - INFO 14232 [org.springframework.web.servlet.handler.AbstractHandlerMethodMapping$MappingRegistry:547] : Mapped "{[/test],methods=[GET]}" onto public java.lang.String com.xinho.springboot.exception.TestController.getName()
2018-09-28 14:25:38.449 - INFO 14232 [org.springframework.web.servlet.handler.AbstractHandlerMethodMapping$MappingRegistry:547] : Mapped "{[/hi]}" onto public java.lang.String com.xinho.springboot.jpa.controller.demoController.hi()
2018-09-28 14:25:38.450 - INFO 14232 [org.springframework.web.servlet.handler.AbstractHandlerMethodMapping$MappingRegistry:547] : Mapped "{[/hi1]}" onto public java.lang.String com.xinho.springboot.jpa.controller.demoController.hi1()
2018-09-28 14:25:38.450 - INFO 14232 [org.springframework.web.servlet.handler.AbstractHandlerMethodMapping$MappingRegistry:547] : Mapped "{[/hi2]}" onto public java.lang.String com.xinho.springboot.jpa.controller.demoController.hi2()
2018-09-28 14:25:38.451 - INFO 14232 [org.springframework.web.servlet.handler.AbstractHandlerMethodMapping$MappingRegistry:547] : Mapped "{[/sendMail3]}" onto public void com.xinho.springboot.mail.controller.MailController.sendAttachmentsMail()
2018-09-28 14:25:38.451 - INFO 14232 [org.springframework.web.servlet.handler.AbstractHandlerMethodMapping$MappingRegistry:547] : Mapped "{[/sendMail4]}" onto public void com.xinho.springboot.mail.controller.MailController.sendInlineResourceMail()
2018-09-28 14:25:38.452 - INFO 14232 [org.springframework.web.servlet.handler.AbstractHandlerMethodMapping$MappingRegistry:547] : Mapped "{[/sendMail1]}" onto public void com.xinho.springboot.mail.controller.MailController.testSimpleMail() throws java.lang.Exception
2018-09-28 14:25:38.452 - INFO 14232 [org.springframework.web.servlet.handler.AbstractHandlerMethodMapping$MappingRegistry:547] : Mapped "{[/sendMail2]}" onto public void com.xinho.springboot.mail.controller.MailController.testHtmlMail() throws java.lang.Exception
2018-09-28 14:25:38.452 - INFO 14232 [org.springframework.web.servlet.handler.AbstractHandlerMethodMapping$MappingRegistry:547] : Mapped "{[/sendMail5]}" onto public void com.xinho.springboot.mail.controller.MailController.sendTemplateMail()
2018-09-28 14:25:38.453 - INFO 14232 [org.springframework.web.servlet.handler.AbstractHandlerMethodMapping$MappingRegistry:547] : Mapped "{[/user]}" onto public java.lang.String com.xinho.springboot.mybatis.controller.MybatisDemoController.getUserStore()
2018-09-28 14:25:38.456 - INFO 14232 [org.springframework.web.servlet.handler.AbstractHandlerMethodMapping$MappingRegistry:547] : Mapped "{[/insert],methods=[POST]}" onto public int com.xinho.springboot.shardingJdbc.controller.UserController.insert(com.xinho.springboot.shardingJdbc.entity.UserInfo)
2018-09-28 14:25:38.457 - INFO 14232 [org.springframework.web.servlet.handler.AbstractHandlerMethodMapping$MappingRegistry:547] : Mapped "{[/selectByPrimaryKey],methods=[GET]}" onto public com.xinho.springboot.shardingJdbc.entity.UserInfo com.xinho.springboot.shardingJdbc.controller.UserController.selectByPrimaryKey(java.lang.Long)
2018-09-28 14:25:38.457 - INFO 14232 [org.springframework.web.servlet.handler.AbstractHandlerMethodMapping$MappingRegistry:547] : Mapped "{[/updateByPrimaryKeySelective],methods=[PUT]}" onto public int com.xinho.springboot.shardingJdbc.controller.UserController.updateByPrimaryKeySelective(com.xinho.springboot.shardingJdbc.entity.UserInfo)
2018-09-28 14:25:38.458 - INFO 14232 [org.springframework.web.servlet.handler.AbstractHandlerMethodMapping$MappingRegistry:547] : Mapped "{[/updateByPrimaryKey],methods=[PUT]}" onto public int com.xinho.springboot.shardingJdbc.controller.UserController.updateByPrimaryKey(com.xinho.springboot.shardingJdbc.entity.UserInfo)
2018-09-28 14:25:38.458 - INFO 14232 [org.springframework.web.servlet.handler.AbstractHandlerMethodMapping$MappingRegistry:547] : Mapped "{[/insertSelective],methods=[POST]}" onto public int com.xinho.springboot.shardingJdbc.controller.UserController.insertSelective(com.xinho.springboot.shardingJdbc.entity.UserInfo)
2018-09-28 14:25:38.459 - INFO 14232 [org.springframework.web.servlet.handler.AbstractHandlerMethodMapping$MappingRegistry:547] : Mapped "{[/findStoreById],methods=[GET]}" onto public java.util.List<com.xinho.springboot.jpa.model.UserStoreEntity> com.xinho.springboot.springCache.CacheController.findStoreById(java.lang.String)
2018-09-28 14:25:38.461 - INFO 14232 [org.springframework.web.servlet.handler.AbstractHandlerMethodMapping$MappingRegistry:547] : Mapped "{[/books/getBook/{id}],methods=[GET]}" onto public com.xinho.springboot.swagger.entity.Book com.xinho.springboot.swagger.controller.BookContrller.getBook(java.lang.Long)
2018-09-28 14:25:38.462 - INFO 14232 [org.springframework.web.servlet.handler.AbstractHandlerMethodMapping$MappingRegistry:547] : Mapped "{[/books/getBook],methods=[GET]}" onto public java.util.List<com.xinho.springboot.swagger.entity.Book> com.xinho.springboot.swagger.controller.BookContrller.getBook()
2018-09-28 14:25:38.462 - INFO 14232 [org.springframework.web.servlet.handler.AbstractHandlerMethodMapping$MappingRegistry:547] : Mapped "{[/books/postBook],methods=[POST]}" onto public java.lang.String com.xinho.springboot.swagger.controller.BookContrller.postBook(com.xinho.springboot.swagger.entity.Book)
2018-09-28 14:25:38.462 - INFO 14232 [org.springframework.web.servlet.handler.AbstractHandlerMethodMapping$MappingRegistry:547] : Mapped "{[/books/putUser/{id}],methods=[PUT]}" onto public java.lang.String com.xinho.springboot.swagger.controller.BookContrller.putUser(java.lang.Long,com.xinho.springboot.swagger.entity.Book)
2018-09-28 14:25:38.463 - INFO 14232 [org.springframework.web.servlet.handler.AbstractHandlerMethodMapping$MappingRegistry:547] : Mapped "{[/books/{id}],methods=[DELETE]}" onto public java.lang.String com.xinho.springboot.swagger.controller.BookContrller.deleteUser(java.lang.Long)
2018-09-28 14:25:38.463 - INFO 14232 [org.springframework.web.servlet.handler.AbstractHandlerMethodMapping$MappingRegistry:547] : Mapped "{[/books/hi],methods=[GET]}" onto public java.lang.String com.xinho.springboot.swagger.controller.BookContrller.jsonTest()
2018-09-28 14:25:38.464 - INFO 14232 [org.springframework.web.servlet.handler.AbstractHandlerMethodMapping$MappingRegistry:547] : Mapped "{[/v2/api-docs],methods=[GET],produces=[application/json || application/hal+json]}" onto public org.springframework.http.ResponseEntity<springfox.documentation.spring.web.json.Json> springfox.documentation.swagger2.web.Swagger2Controller.getDocumentation(java.lang.String,javax.servlet.http.HttpServletRequest)
2018-09-28 14:25:38.468 - INFO 14232 [org.springframework.web.servlet.handler.AbstractHandlerMethodMapping$MappingRegistry:547] : Mapped "{[/swagger-resources/configuration/security]}" onto org.springframework.http.ResponseEntity<springfox.documentation.swagger.web.SecurityConfiguration> springfox.documentation.swagger.web.ApiResourceController.securityConfiguration()
2018-09-28 14:25:38.469 - INFO 14232 [org.springframework.web.servlet.handler.AbstractHandlerMethodMapping$MappingRegistry:547] : Mapped "{[/swagger-resources/configuration/ui]}" onto org.springframework.http.ResponseEntity<springfox.documentation.swagger.web.UiConfiguration> springfox.documentation.swagger.web.ApiResourceController.uiConfiguration()
2018-09-28 14:25:38.470 - INFO 14232 [org.springframework.web.servlet.handler.AbstractHandlerMethodMapping$MappingRegistry:547] : Mapped "{[/swagger-resources]}" onto org.springframework.http.ResponseEntity<java.util.List<springfox.documentation.swagger.web.SwaggerResource>> springfox.documentation.swagger.web.ApiResourceController.swaggerResources()
2018-09-28 14:25:38.474 - INFO 14232 [org.springframework.web.servlet.handler.AbstractHandlerMethodMapping$MappingRegistry:547] : Mapped "{[/error]}" onto public org.springframework.http.ResponseEntity<java.util.Map<java.lang.String, java.lang.Object>> org.springframework.boot.autoconfigure.web.servlet.error.BasicErrorController.error(javax.servlet.http.HttpServletRequest)
2018-09-28 14:25:38.474 - INFO 14232 [org.springframework.web.servlet.handler.AbstractHandlerMethodMapping$MappingRegistry:547] : Mapped "{[/error],produces=[text/html]}" onto public org.springframework.web.servlet.ModelAndView org.springframework.boot.autoconfigure.web.servlet.error.BasicErrorController.errorHtml(javax.servlet.http.HttpServletRequest,javax.servlet.http.HttpServletResponse)
2018-09-28 14:25:39.092 - INFO 14232 [org.springframework.web.servlet.handler.AbstractUrlHandlerMapping:373] : Mapped URL path [/**/favicon.ico] onto handler of type [class org.springframework.web.servlet.resource.ResourceHttpRequestHandler]
2018-09-28 14:25:39.341 - INFO 14232 [org.springframework.web.servlet.mvc.method.annotation.RequestMappingHandlerAdapter:574] : Looking for @ControllerAdvice: org.springframework.boot.web.servlet.context.AnnotationConfigServletWebServerApplicationContext@402bba4f: startup date [Fri Sep 28 14:25:31 CST 2018]; root of context hierarchy
2018-09-28 14:25:39.349 - INFO 14232 [org.springframework.web.servlet.mvc.method.annotation.RequestMappingHandlerAdapter:591] : Detected @ModelAttribute methods in globalExceptionHandler
2018-09-28 14:25:39.349 - INFO 14232 [org.springframework.web.servlet.mvc.method.annotation.RequestMappingHandlerAdapter:598] : Detected @InitBinder methods in globalExceptionHandler
2018-09-28 14:25:39.394 - INFO 14232 [org.springframework.web.servlet.handler.AbstractUrlHandlerMapping:373] : Mapped URL path [/webjars/**] onto handler of type [class org.springframework.web.servlet.resource.ResourceHttpRequestHandler]
2018-09-28 14:25:39.394 - INFO 14232 [org.springframework.web.servlet.handler.AbstractUrlHandlerMapping:373] : Mapped URL path [/**] onto handler of type [class org.springframework.web.servlet.resource.ResourceHttpRequestHandler]
2018-09-28 14:25:39.411 - INFO 14232 [org.springframework.web.servlet.mvc.method.annotation.ExceptionHandlerExceptionResolver:288] : Detected @ExceptionHandler methods in globalExceptionHandler
2018-09-28 14:25:40.064 - WARN 14232 [org.springframework.boot.starter.redis.RedisStarterDeprecationWarningAutoConfiguration:43] : spring-boot-starter-redis is deprecated as of Spring Boot 1.4, please migrate to spring-boot-starter-data-redis
2018-09-28 14:25:40.098 - INFO 14232 [org.springframework.jmx.export.MBeanExporter:433] : Registering beans for JMX exposure on startup
2018-09-28 14:25:40.108 - INFO 14232 [org.springframework.jmx.export.MBeanExporter:895] : Bean with name 'rabbitConnectionFactory' has been autodetected for JMX exposure
2018-09-28 14:25:40.113 - INFO 14232 [org.springframework.jmx.export.MBeanExporter:675] : Located managed bean 'rabbitConnectionFactory': registering with JMX server as MBean [org.springframework.amqp.rabbit.connection:name=rabbitConnectionFactory,type=CachingConnectionFactory]
2018-09-28 14:25:40.139 - INFO 14232 [org.springframework.context.support.DefaultLifecycleProcessor$LifecycleGroup:351] : Starting beans in phase 2147483647
2018-09-28 14:25:40.139 - INFO 14232 [springfox.documentation.spring.web.plugins.DocumentationPluginsBootstrapper:120] : Context refreshed
2018-09-28 14:25:40.156 - INFO 14232 [springfox.documentation.spring.web.plugins.DocumentationPluginsBootstrapper:123] : Found 1 custom documentation plugin(s)
2018-09-28 14:25:40.174 - INFO 14232 [springfox.documentation.spring.web.scanners.ApiListingReferenceScanner:41] : Scanning for api listing references
2018-09-28 14:25:40.375 - INFO 14232 [springfox.documentation.spring.web.readers.operation.CachingOperationNameGenerator:40] : Generating unique operation named: getBookUsingGET_1
2018-09-28 14:25:40.465 - INFO 14232 [org.apache.juli.logging.DirectJDKLog:180] : Starting ProtocolHandler ["http-nio-8080"]
2018-09-28 14:25:40.481 - INFO 14232 [org.apache.juli.logging.DirectJDKLog:180] : Pausing ProtocolHandler ["http-nio-8080"]
2018-09-28 14:25:40.481 - INFO 14232 [org.apache.juli.logging.DirectJDKLog:180] : Stopping service [Tomcat]
2018-09-28 14:25:40.492 - INFO 14232 [org.apache.juli.logging.DirectJDKLog:180] : The stop() method was called on component [StandardServer[-1]] after stop() had already been called. The second call will be ignored.
2018-09-28 14:25:40.493 - INFO 14232 [org.apache.juli.logging.DirectJDKLog:180] : Stopping ProtocolHandler ["http-nio-8080"]
2018-09-28 14:25:40.493 - INFO 14232 [org.apache.juli.logging.DirectJDKLog:180] : Destroying ProtocolHandler ["http-nio-8080"]
2018-09-28 14:25:40.498 - INFO 14232 [org.springframework.boot.autoconfigure.logging.ConditionEvaluationReportLoggingListener:101] : 

Error starting ApplicationContext. To display the conditions report re-run your application with 'debug' enabled.
2018-09-28 14:25:40.506 - INFO 14232 [org.springframework.context.support.AbstractApplicationContext:993] : Closing org.springframework.boot.web.servlet.context.AnnotationConfigServletWebServerApplicationContext@402bba4f: startup date [Fri Sep 28 14:25:31 CST 2018]; root of context hierarchy
2018-09-28 14:25:40.510 - INFO 14232 [org.springframework.context.support.DefaultLifecycleProcessor$LifecycleGroup:366] : Stopping beans in phase 2147483647
2018-09-28 14:25:40.511 - INFO 14232 [org.springframework.context.support.DefaultLifecycleProcessor$LifecycleGroup:366] : Stopping beans in phase 0
2018-09-28 14:25:40.527 - INFO 14232 [org.springframework.jmx.export.MBeanExporter:451] : Unregistering JMX-exposed beans on shutdown
2018-09-28 14:25:40.528 - INFO 14232 [org.springframework.jmx.support.MBeanRegistrationSupport:183] : Unregistering JMX-exposed beans
2018-09-28 14:25:40.530 - INFO 14232 [org.springframework.orm.jpa.AbstractEntityManagerFactoryBean:597] : Closing JPA EntityManagerFactory for persistence unit 'default'
2018-09-28 14:26:29.674 - INFO 4072 [org.springframework.boot.StartupInfoLogger:50] : Starting SpringbootDemoApplication on PF0W63F9 with PID 4072 (started by 18040111 in D:\WorkSpace Test\springBoot-parent)
2018-09-28 14:26:29.680 - INFO 4072 [org.springframework.boot.SpringApplication:659] : No active profile set, falling back to default profiles: default
2018-09-28 14:26:30.304 - INFO 4072 [org.springframework.context.support.AbstractApplicationContext:590] : Refreshing org.springframework.boot.web.servlet.context.AnnotationConfigServletWebServerApplicationContext@46b61c56: startup date [Fri Sep 28 14:26:30 CST 2018]; root of context hierarchy
2018-09-28 14:26:32.265 - INFO 4072 [org.springframework.data.repository.config.RepositoryConfigurationDelegate:163] : Multiple Spring Data modules found, entering strict repository configuration mode!
2018-09-28 14:26:32.398 - INFO 4072 [org.springframework.data.repository.config.RepositoryConfigurationDelegate:163] : Multiple Spring Data modules found, entering strict repository configuration mode!
2018-09-28 14:26:32.433 - INFO 4072 [org.springframework.data.repository.config.RepositoryConfigurationExtensionSupport:297] : Spring Data Redis - Could not safely identify store assignment for repository candidate interface com.xinho.springboot.jpa.dao.UserStoreDao.
2018-09-28 14:26:32.944 - INFO 4072 [org.springframework.context.support.PostProcessorRegistrationDelegate$BeanPostProcessorChecker:328] : Bean 'org.springframework.amqp.rabbit.annotation.RabbitBootstrapConfiguration' of type [org.springframework.amqp.rabbit.annotation.RabbitBootstrapConfiguration$$EnhancerBySpringCGLIB$$8988f60c] is not eligible for getting processed by all BeanPostProcessors (for example: not eligible for auto-proxying)
2018-09-28 14:26:33.020 - INFO 4072 [org.springframework.context.support.PostProcessorRegistrationDelegate$BeanPostProcessorChecker:328] : Bean 'org.springframework.transaction.annotation.ProxyTransactionManagementConfiguration' of type [org.springframework.transaction.annotation.ProxyTransactionManagementConfiguration$$EnhancerBySpringCGLIB$$c31d37de] is not eligible for getting processed by all BeanPostProcessors (for example: not eligible for auto-proxying)
2018-09-28 14:26:33.814 - INFO 4072 [org.springframework.boot.web.embedded.tomcat.TomcatWebServer:91] : Tomcat initialized with port(s): 8080 (http)
2018-09-28 14:26:33.836 - INFO 4072 [org.apache.juli.logging.DirectJDKLog:180] : Initializing ProtocolHandler ["http-nio-8080"]
2018-09-28 14:26:33.855 - INFO 4072 [org.apache.juli.logging.DirectJDKLog:180] : Starting service [Tomcat]
2018-09-28 14:26:33.856 - INFO 4072 [org.apache.juli.logging.DirectJDKLog:180] : Starting Servlet Engine: Apache Tomcat/8.5.31
2018-09-28 14:26:33.863 - INFO 4072 [org.apache.juli.logging.DirectJDKLog:180] : The APR based Apache Tomcat Native library which allows optimal performance in production environments was not found on the java.library.path: [D:\JDK1.8\bin;C:\windows\Sun\Java\bin;C:\windows\system32;C:\windows;E:\Ruby\RailsInstaller\Git\cmd;E:\Ruby\RailsInstaller\Ruby2.3.3\bin;C:\ProgramData\Oracle\Java\javapath;C:\app\aa\product\11.2.0\client_1\bin;C:\windows\system32;C:\windows;C:\windows\System32\Wbem;C:\windows\System32\WindowsPowerShell\v1.0\;E:\Apache Maven\apache-maven-3.5.3\bin;E:\Erlang\erl9.3\bin;E:\Git\Git\cmd;E:\NodeJS\node\;%JAVA_HOME%\bin;E:\Mysql Server\mysql-8.0.11-winx64\bin;;E:\Docker\Docker Toolbox;C:\Users\18040111\AppData\Roaming\npm;.]
2018-09-28 14:26:34.135 - INFO 4072 [org.apache.juli.logging.DirectJDKLog:180] : Initializing Spring embedded WebApplicationContext
2018-09-28 14:26:34.136 - INFO 4072 [org.springframework.boot.web.servlet.context.ServletWebServerApplicationContext:285] : Root WebApplicationContext: initialization completed in 3832 ms
2018-09-28 14:26:34.376 - INFO 4072 [org.springframework.boot.web.servlet.ServletRegistrationBean:185] : Servlet dispatcherServlet mapped to [/]
2018-09-28 14:26:34.383 - INFO 4072 [org.springframework.boot.web.servlet.AbstractFilterRegistrationBean:244] : Mapping filter: 'characterEncodingFilter' to: [/*]
2018-09-28 14:26:34.384 - INFO 4072 [org.springframework.boot.web.servlet.AbstractFilterRegistrationBean:244] : Mapping filter: 'hiddenHttpMethodFilter' to: [/*]
2018-09-28 14:26:34.385 - INFO 4072 [org.springframework.boot.web.servlet.AbstractFilterRegistrationBean:244] : Mapping filter: 'httpPutFormContentFilter' to: [/*]
2018-09-28 14:26:34.385 - INFO 4072 [org.springframework.boot.web.servlet.AbstractFilterRegistrationBean:244] : Mapping filter: 'requestContextFilter' to: [/*]
2018-09-28 14:26:35.843 - INFO 4072 [org.springframework.orm.jpa.LocalContainerEntityManagerFactoryBean:361] : Building JPA container EntityManagerFactory for persistence unit 'default'
2018-09-28 14:26:35.858 - INFO 4072 [org.hibernate.jpa.internal.util.LogHelper:31] : HHH000204: Processing PersistenceUnitInfo [
	name: default
	...]
2018-09-28 14:26:35.947 - INFO 4072 [org.hibernate.Version:45] : HHH000412: Hibernate Core {5.2.17.Final}
2018-09-28 14:26:35.949 - INFO 4072 [org.hibernate.cfg.Environment:213] : HHH000206: hibernate.properties not found
2018-09-28 14:26:36.009 - INFO 4072 [org.hibernate.annotations.common.reflection.java.JavaReflectionManager:66] : HCANN000001: Hibernate Commons Annotations {5.0.1.Final}
2018-09-28 14:26:36.312 - INFO 4072 [org.hibernate.dialect.Dialect:157] : HHH000400: Using dialect: org.hibernate.dialect.MySQL5Dialect
2018-09-28 14:26:36.913 - INFO 4072 [org.springframework.orm.jpa.AbstractEntityManagerFactoryBean:415] : Initialized JPA EntityManagerFactory for persistence unit 'default'
2018-09-28 14:26:38.274 - WARN 4072 [org.springframework.boot.autoconfigure.orm.jpa.JpaBaseConfiguration$JpaWebConfiguration$JpaWebMvcConfiguration:235] : spring.jpa.open-in-view is enabled by default. Therefore, database queries may be performed during view rendering. Explicitly configure spring.jpa.open-in-view to disable this warning
2018-09-28 14:26:38.720 - INFO 4072 [org.springframework.web.servlet.handler.AbstractHandlerMethodMapping$MappingRegistry:547] : Mapped "{[/test],methods=[GET]}" onto public java.lang.String com.xinho.springboot.exception.TestController.getName()
2018-09-28 14:26:38.723 - INFO 4072 [org.springframework.web.servlet.handler.AbstractHandlerMethodMapping$MappingRegistry:547] : Mapped "{[/hi]}" onto public java.lang.String com.xinho.springboot.jpa.controller.demoController.hi()
2018-09-28 14:26:38.723 - INFO 4072 [org.springframework.web.servlet.handler.AbstractHandlerMethodMapping$MappingRegistry:547] : Mapped "{[/hi1]}" onto public java.lang.String com.xinho.springboot.jpa.controller.demoController.hi1()
2018-09-28 14:26:38.724 - INFO 4072 [org.springframework.web.servlet.handler.AbstractHandlerMethodMapping$MappingRegistry:547] : Mapped "{[/hi2]}" onto public java.lang.String com.xinho.springboot.jpa.controller.demoController.hi2()
2018-09-28 14:26:38.725 - INFO 4072 [org.springframework.web.servlet.handler.AbstractHandlerMethodMapping$MappingRegistry:547] : Mapped "{[/sendMail3]}" onto public void com.xinho.springboot.mail.controller.MailController.sendAttachmentsMail()
2018-09-28 14:26:38.726 - INFO 4072 [org.springframework.web.servlet.handler.AbstractHandlerMethodMapping$MappingRegistry:547] : Mapped "{[/sendMail4]}" onto public void com.xinho.springboot.mail.controller.MailController.sendInlineResourceMail()
2018-09-28 14:26:38.726 - INFO 4072 [org.springframework.web.servlet.handler.AbstractHandlerMethodMapping$MappingRegistry:547] : Mapped "{[/sendMail1]}" onto public void com.xinho.springboot.mail.controller.MailController.testSimpleMail() throws java.lang.Exception
2018-09-28 14:26:38.727 - INFO 4072 [org.springframework.web.servlet.handler.AbstractHandlerMethodMapping$MappingRegistry:547] : Mapped "{[/sendMail2]}" onto public void com.xinho.springboot.mail.controller.MailController.testHtmlMail() throws java.lang.Exception
2018-09-28 14:26:38.727 - INFO 4072 [org.springframework.web.servlet.handler.AbstractHandlerMethodMapping$MappingRegistry:547] : Mapped "{[/sendMail5]}" onto public void com.xinho.springboot.mail.controller.MailController.sendTemplateMail()
2018-09-28 14:26:38.728 - INFO 4072 [org.springframework.web.servlet.handler.AbstractHandlerMethodMapping$MappingRegistry:547] : Mapped "{[/user]}" onto public java.lang.String com.xinho.springboot.mybatis.controller.MybatisDemoController.getUserStore()
2018-09-28 14:26:38.733 - INFO 4072 [org.springframework.web.servlet.handler.AbstractHandlerMethodMapping$MappingRegistry:547] : Mapped "{[/insert],methods=[POST]}" onto public int com.xinho.springboot.shardingJdbc.controller.UserController.insert(com.xinho.springboot.shardingJdbc.entity.UserInfo)
2018-09-28 14:26:38.734 - INFO 4072 [org.springframework.web.servlet.handler.AbstractHandlerMethodMapping$MappingRegistry:547] : Mapped "{[/selectByPrimaryKey],methods=[GET]}" onto public com.xinho.springboot.shardingJdbc.entity.UserInfo com.xinho.springboot.shardingJdbc.controller.UserController.selectByPrimaryKey(java.lang.Long)
2018-09-28 14:26:38.734 - INFO 4072 [org.springframework.web.servlet.handler.AbstractHandlerMethodMapping$MappingRegistry:547] : Mapped "{[/updateByPrimaryKeySelective],methods=[PUT]}" onto public int com.xinho.springboot.shardingJdbc.controller.UserController.updateByPrimaryKeySelective(com.xinho.springboot.shardingJdbc.entity.UserInfo)
2018-09-28 14:26:38.735 - INFO 4072 [org.springframework.web.servlet.handler.AbstractHandlerMethodMapping$MappingRegistry:547] : Mapped "{[/updateByPrimaryKey],methods=[PUT]}" onto public int com.xinho.springboot.shardingJdbc.controller.UserController.updateByPrimaryKey(com.xinho.springboot.shardingJdbc.entity.UserInfo)
2018-09-28 14:26:38.735 - INFO 4072 [org.springframework.web.servlet.handler.AbstractHandlerMethodMapping$MappingRegistry:547] : Mapped "{[/insertSelective],methods=[POST]}" onto public int com.xinho.springboot.shardingJdbc.controller.UserController.insertSelective(com.xinho.springboot.shardingJdbc.entity.UserInfo)
2018-09-28 14:26:38.736 - INFO 4072 [org.springframework.web.servlet.handler.AbstractHandlerMethodMapping$MappingRegistry:547] : Mapped "{[/findStoreById],methods=[GET]}" onto public java.util.List<com.xinho.springboot.jpa.model.UserStoreEntity> com.xinho.springboot.springCache.CacheController.findStoreById(java.lang.String)
2018-09-28 14:26:38.739 - INFO 4072 [org.springframework.web.servlet.handler.AbstractHandlerMethodMapping$MappingRegistry:547] : Mapped "{[/books/getBook/{id}],methods=[GET]}" onto public com.xinho.springboot.swagger.entity.Book com.xinho.springboot.swagger.controller.BookContrller.getBook(java.lang.Long)
2018-09-28 14:26:38.739 - INFO 4072 [org.springframework.web.servlet.handler.AbstractHandlerMethodMapping$MappingRegistry:547] : Mapped "{[/books/getBook],methods=[GET]}" onto public java.util.List<com.xinho.springboot.swagger.entity.Book> com.xinho.springboot.swagger.controller.BookContrller.getBook()
2018-09-28 14:26:38.740 - INFO 4072 [org.springframework.web.servlet.handler.AbstractHandlerMethodMapping$MappingRegistry:547] : Mapped "{[/books/postBook],methods=[POST]}" onto public java.lang.String com.xinho.springboot.swagger.controller.BookContrller.postBook(com.xinho.springboot.swagger.entity.Book)
2018-09-28 14:26:38.740 - INFO 4072 [org.springframework.web.servlet.handler.AbstractHandlerMethodMapping$MappingRegistry:547] : Mapped "{[/books/putUser/{id}],methods=[PUT]}" onto public java.lang.String com.xinho.springboot.swagger.controller.BookContrller.putUser(java.lang.Long,com.xinho.springboot.swagger.entity.Book)
2018-09-28 14:26:38.741 - INFO 4072 [org.springframework.web.servlet.handler.AbstractHandlerMethodMapping$MappingRegistry:547] : Mapped "{[/books/{id}],methods=[DELETE]}" onto public java.lang.String com.xinho.springboot.swagger.controller.BookContrller.deleteUser(java.lang.Long)
2018-09-28 14:26:38.741 - INFO 4072 [org.springframework.web.servlet.handler.AbstractHandlerMethodMapping$MappingRegistry:547] : Mapped "{[/books/hi],methods=[GET]}" onto public java.lang.String com.xinho.springboot.swagger.controller.BookContrller.jsonTest()
2018-09-28 14:26:38.742 - INFO 4072 [org.springframework.web.servlet.handler.AbstractHandlerMethodMapping$MappingRegistry:547] : Mapped "{[/v2/api-docs],methods=[GET],produces=[application/json || application/hal+json]}" onto public org.springframework.http.ResponseEntity<springfox.documentation.spring.web.json.Json> springfox.documentation.swagger2.web.Swagger2Controller.getDocumentation(java.lang.String,javax.servlet.http.HttpServletRequest)
2018-09-28 14:26:38.746 - INFO 4072 [org.springframework.web.servlet.handler.AbstractHandlerMethodMapping$MappingRegistry:547] : Mapped "{[/swagger-resources/configuration/ui]}" onto org.springframework.http.ResponseEntity<springfox.documentation.swagger.web.UiConfiguration> springfox.documentation.swagger.web.ApiResourceController.uiConfiguration()
2018-09-28 14:26:38.747 - INFO 4072 [org.springframework.web.servlet.handler.AbstractHandlerMethodMapping$MappingRegistry:547] : Mapped "{[/swagger-resources]}" onto org.springframework.http.ResponseEntity<java.util.List<springfox.documentation.swagger.web.SwaggerResource>> springfox.documentation.swagger.web.ApiResourceController.swaggerResources()
2018-09-28 14:26:38.748 - INFO 4072 [org.springframework.web.servlet.handler.AbstractHandlerMethodMapping$MappingRegistry:547] : Mapped "{[/swagger-resources/configuration/security]}" onto org.springframework.http.ResponseEntity<springfox.documentation.swagger.web.SecurityConfiguration> springfox.documentation.swagger.web.ApiResourceController.securityConfiguration()
2018-09-28 14:26:38.752 - INFO 4072 [org.springframework.web.servlet.handler.AbstractHandlerMethodMapping$MappingRegistry:547] : Mapped "{[/error]}" onto public org.springframework.http.ResponseEntity<java.util.Map<java.lang.String, java.lang.Object>> org.springframework.boot.autoconfigure.web.servlet.error.BasicErrorController.error(javax.servlet.http.HttpServletRequest)
2018-09-28 14:26:38.753 - INFO 4072 [org.springframework.web.servlet.handler.AbstractHandlerMethodMapping$MappingRegistry:547] : Mapped "{[/error],produces=[text/html]}" onto public org.springframework.web.servlet.ModelAndView org.springframework.boot.autoconfigure.web.servlet.error.BasicErrorController.errorHtml(javax.servlet.http.HttpServletRequest,javax.servlet.http.HttpServletResponse)
2018-09-28 14:26:39.072 - INFO 4072 [org.springframework.web.servlet.handler.AbstractUrlHandlerMapping:373] : Mapped URL path [/**/favicon.ico] onto handler of type [class org.springframework.web.servlet.resource.ResourceHttpRequestHandler]
2018-09-28 14:26:39.362 - INFO 4072 [org.springframework.web.servlet.mvc.method.annotation.RequestMappingHandlerAdapter:574] : Looking for @ControllerAdvice: org.springframework.boot.web.servlet.context.AnnotationConfigServletWebServerApplicationContext@46b61c56: startup date [Fri Sep 28 14:26:30 CST 2018]; root of context hierarchy
2018-09-28 14:26:39.372 - INFO 4072 [org.springframework.web.servlet.mvc.method.annotation.RequestMappingHandlerAdapter:591] : Detected @ModelAttribute methods in globalExceptionHandler
2018-09-28 14:26:39.372 - INFO 4072 [org.springframework.web.servlet.mvc.method.annotation.RequestMappingHandlerAdapter:598] : Detected @InitBinder methods in globalExceptionHandler
2018-09-28 14:26:39.439 - INFO 4072 [org.springframework.web.servlet.handler.AbstractUrlHandlerMapping:373] : Mapped URL path [/webjars/**] onto handler of type [class org.springframework.web.servlet.resource.ResourceHttpRequestHandler]
2018-09-28 14:26:39.439 - INFO 4072 [org.springframework.web.servlet.handler.AbstractUrlHandlerMapping:373] : Mapped URL path [/**] onto handler of type [class org.springframework.web.servlet.resource.ResourceHttpRequestHandler]
2018-09-28 14:26:39.461 - INFO 4072 [org.springframework.web.servlet.mvc.method.annotation.ExceptionHandlerExceptionResolver:288] : Detected @ExceptionHandler methods in globalExceptionHandler
2018-09-28 14:26:40.365 - WARN 4072 [org.springframework.boot.starter.redis.RedisStarterDeprecationWarningAutoConfiguration:43] : spring-boot-starter-redis is deprecated as of Spring Boot 1.4, please migrate to spring-boot-starter-data-redis
2018-09-28 14:26:40.401 - INFO 4072 [org.springframework.jmx.export.MBeanExporter:433] : Registering beans for JMX exposure on startup
2018-09-28 14:26:40.415 - INFO 4072 [org.springframework.jmx.export.MBeanExporter:895] : Bean with name 'rabbitConnectionFactory' has been autodetected for JMX exposure
2018-09-28 14:26:40.420 - INFO 4072 [org.springframework.jmx.export.MBeanExporter:675] : Located managed bean 'rabbitConnectionFactory': registering with JMX server as MBean [org.springframework.amqp.rabbit.connection:name=rabbitConnectionFactory,type=CachingConnectionFactory]
2018-09-28 14:26:40.456 - INFO 4072 [org.springframework.context.support.DefaultLifecycleProcessor$LifecycleGroup:351] : Starting beans in phase 2147483647
2018-09-28 14:26:40.456 - INFO 4072 [springfox.documentation.spring.web.plugins.DocumentationPluginsBootstrapper:120] : Context refreshed
2018-09-28 14:26:40.480 - INFO 4072 [springfox.documentation.spring.web.plugins.DocumentationPluginsBootstrapper:123] : Found 1 custom documentation plugin(s)
2018-09-28 14:26:40.510 - INFO 4072 [springfox.documentation.spring.web.scanners.ApiListingReferenceScanner:41] : Scanning for api listing references
2018-09-28 14:26:40.686 - INFO 4072 [springfox.documentation.spring.web.readers.operation.CachingOperationNameGenerator:40] : Generating unique operation named: getBookUsingGET_1
2018-09-28 14:26:40.738 - INFO 4072 [org.apache.juli.logging.DirectJDKLog:180] : Starting ProtocolHandler ["http-nio-8080"]
2018-09-28 14:26:40.756 - INFO 4072 [org.apache.juli.logging.DirectJDKLog:180] : Using a shared selector for servlet write/read
2018-09-28 14:26:40.791 - INFO 4072 [org.springframework.boot.web.embedded.tomcat.TomcatWebServer:206] : Tomcat started on port(s): 8080 (http) with context path ''
2018-09-28 14:26:40.797 - INFO 4072 [org.springframework.boot.StartupInfoLogger:59] : Started SpringbootDemoApplication in 12.197 seconds (JVM running for 13.43)
2018-09-28 14:27:00.374 - INFO 4072 [org.apache.juli.logging.DirectJDKLog:180] : Initializing Spring FrameworkServlet 'dispatcherServlet'
2018-09-28 14:27:00.375 - INFO 4072 [org.springframework.web.servlet.FrameworkServlet:494] : FrameworkServlet 'dispatcherServlet': initialization started
2018-09-28 14:27:00.431 - INFO 4072 [org.springframework.web.servlet.FrameworkServlet:509] : FrameworkServlet 'dispatcherServlet': initialization completed in 55 ms
2018-09-28 14:34:04.932 - INFO 12808 [org.springframework.boot.StartupInfoLogger:50] : Starting SpringbootDemoApplication on PF0W63F9 with PID 12808 (started by 18040111 in D:\WorkSpace Test\springBoot-parent)
2018-09-28 14:34:04.938 - INFO 12808 [org.springframework.boot.SpringApplication:659] : No active profile set, falling back to default profiles: default
2018-09-28 14:34:05.334 - INFO 12808 [org.springframework.context.support.AbstractApplicationContext:590] : Refreshing org.springframework.boot.web.servlet.context.AnnotationConfigServletWebServerApplicationContext@8e50104: startup date [Fri Sep 28 14:34:05 CST 2018]; root of context hierarchy
2018-09-28 14:34:06.802 - INFO 12808 [org.springframework.data.repository.config.RepositoryConfigurationDelegate:163] : Multiple Spring Data modules found, entering strict repository configuration mode!
2018-09-28 14:34:06.955 - INFO 12808 [org.springframework.data.repository.config.RepositoryConfigurationDelegate:163] : Multiple Spring Data modules found, entering strict repository configuration mode!
2018-09-28 14:34:07.010 - INFO 12808 [org.springframework.data.repository.config.RepositoryConfigurationExtensionSupport:297] : Spring Data Redis - Could not safely identify store assignment for repository candidate interface com.xinho.springboot.jpa.dao.UserStoreDao.
2018-09-28 14:34:07.485 - INFO 12808 [org.springframework.context.support.PostProcessorRegistrationDelegate$BeanPostProcessorChecker:328] : Bean 'org.springframework.amqp.rabbit.annotation.RabbitBootstrapConfiguration' of type [org.springframework.amqp.rabbit.annotation.RabbitBootstrapConfiguration$$EnhancerBySpringCGLIB$$29b0e98d] is not eligible for getting processed by all BeanPostProcessors (for example: not eligible for auto-proxying)
2018-09-28 14:34:07.560 - INFO 12808 [org.springframework.context.support.PostProcessorRegistrationDelegate$BeanPostProcessorChecker:328] : Bean 'org.springframework.transaction.annotation.ProxyTransactionManagementConfiguration' of type [org.springframework.transaction.annotation.ProxyTransactionManagementConfiguration$$EnhancerBySpringCGLIB$$63452b5f] is not eligible for getting processed by all BeanPostProcessors (for example: not eligible for auto-proxying)
2018-09-28 14:34:08.392 - INFO 12808 [org.springframework.boot.web.embedded.tomcat.TomcatWebServer:91] : Tomcat initialized with port(s): 8080 (http)
2018-09-28 14:34:08.414 - INFO 12808 [org.apache.juli.logging.DirectJDKLog:180] : Initializing ProtocolHandler ["http-nio-8080"]
2018-09-28 14:34:08.431 - INFO 12808 [org.apache.juli.logging.DirectJDKLog:180] : Starting service [Tomcat]
2018-09-28 14:34:08.432 - INFO 12808 [org.apache.juli.logging.DirectJDKLog:180] : Starting Servlet Engine: Apache Tomcat/8.5.31
2018-09-28 14:34:08.439 - INFO 12808 [org.apache.juli.logging.DirectJDKLog:180] : The APR based Apache Tomcat Native library which allows optimal performance in production environments was not found on the java.library.path: [D:\JDK1.8\bin;C:\windows\Sun\Java\bin;C:\windows\system32;C:\windows;E:\Ruby\RailsInstaller\Git\cmd;E:\Ruby\RailsInstaller\Ruby2.3.3\bin;C:\ProgramData\Oracle\Java\javapath;C:\app\aa\product\11.2.0\client_1\bin;C:\windows\system32;C:\windows;C:\windows\System32\Wbem;C:\windows\System32\WindowsPowerShell\v1.0\;E:\Apache Maven\apache-maven-3.5.3\bin;E:\Erlang\erl9.3\bin;E:\Git\Git\cmd;E:\NodeJS\node\;%JAVA_HOME%\bin;E:\Mysql Server\mysql-8.0.11-winx64\bin;;E:\Docker\Docker Toolbox;C:\Users\18040111\AppData\Roaming\npm;.]
2018-09-28 14:34:08.887 - INFO 12808 [org.apache.juli.logging.DirectJDKLog:180] : Initializing Spring embedded WebApplicationContext
2018-09-28 14:34:08.888 - INFO 12808 [org.springframework.boot.web.servlet.context.ServletWebServerApplicationContext:285] : Root WebApplicationContext: initialization completed in 3554 ms
2018-09-28 14:34:09.133 - INFO 12808 [org.springframework.boot.web.servlet.ServletRegistrationBean:185] : Servlet dispatcherServlet mapped to [/]
2018-09-28 14:34:09.141 - INFO 12808 [org.springframework.boot.web.servlet.AbstractFilterRegistrationBean:244] : Mapping filter: 'characterEncodingFilter' to: [/*]
2018-09-28 14:34:09.142 - INFO 12808 [org.springframework.boot.web.servlet.AbstractFilterRegistrationBean:244] : Mapping filter: 'hiddenHttpMethodFilter' to: [/*]
2018-09-28 14:34:09.142 - INFO 12808 [org.springframework.boot.web.servlet.AbstractFilterRegistrationBean:244] : Mapping filter: 'httpPutFormContentFilter' to: [/*]
2018-09-28 14:34:09.143 - INFO 12808 [org.springframework.boot.web.servlet.AbstractFilterRegistrationBean:244] : Mapping filter: 'requestContextFilter' to: [/*]
2018-09-28 14:34:10.690 - INFO 12808 [org.springframework.orm.jpa.LocalContainerEntityManagerFactoryBean:361] : Building JPA container EntityManagerFactory for persistence unit 'default'
2018-09-28 14:34:10.704 - INFO 12808 [org.hibernate.jpa.internal.util.LogHelper:31] : HHH000204: Processing PersistenceUnitInfo [
	name: default
	...]
2018-09-28 14:34:10.797 - INFO 12808 [org.hibernate.Version:45] : HHH000412: Hibernate Core {5.2.17.Final}
2018-09-28 14:34:10.800 - INFO 12808 [org.hibernate.cfg.Environment:213] : HHH000206: hibernate.properties not found
2018-09-28 14:34:10.858 - INFO 12808 [org.hibernate.annotations.common.reflection.java.JavaReflectionManager:66] : HCANN000001: Hibernate Commons Annotations {5.0.1.Final}
2018-09-28 14:34:11.127 - INFO 12808 [org.hibernate.dialect.Dialect:157] : HHH000400: Using dialect: org.hibernate.dialect.MySQL5Dialect
2018-09-28 14:34:11.798 - INFO 12808 [org.springframework.orm.jpa.AbstractEntityManagerFactoryBean:415] : Initialized JPA EntityManagerFactory for persistence unit 'default'
2018-09-28 14:34:13.227 - WARN 12808 [org.springframework.boot.autoconfigure.orm.jpa.JpaBaseConfiguration$JpaWebConfiguration$JpaWebMvcConfiguration:235] : spring.jpa.open-in-view is enabled by default. Therefore, database queries may be performed during view rendering. Explicitly configure spring.jpa.open-in-view to disable this warning
2018-09-28 14:34:13.692 - INFO 12808 [org.springframework.web.servlet.handler.AbstractHandlerMethodMapping$MappingRegistry:547] : Mapped "{[/test],methods=[GET]}" onto public java.lang.String com.xinho.springboot.exception.TestController.getName()
2018-09-28 14:34:13.694 - INFO 12808 [org.springframework.web.servlet.handler.AbstractHandlerMethodMapping$MappingRegistry:547] : Mapped "{[/hi]}" onto public java.lang.String com.xinho.springboot.jpa.controller.demoController.hi()
2018-09-28 14:34:13.695 - INFO 12808 [org.springframework.web.servlet.handler.AbstractHandlerMethodMapping$MappingRegistry:547] : Mapped "{[/hi1]}" onto public java.lang.String com.xinho.springboot.jpa.controller.demoController.hi1()
2018-09-28 14:34:13.695 - INFO 12808 [org.springframework.web.servlet.handler.AbstractHandlerMethodMapping$MappingRegistry:547] : Mapped "{[/hi2]}" onto public java.lang.String com.xinho.springboot.jpa.controller.demoController.hi2()
2018-09-28 14:34:13.697 - INFO 12808 [org.springframework.web.servlet.handler.AbstractHandlerMethodMapping$MappingRegistry:547] : Mapped "{[/sendMail1]}" onto public void com.xinho.springboot.mail.controller.MailController.testSimpleMail() throws java.lang.Exception
2018-09-28 14:34:13.697 - INFO 12808 [org.springframework.web.servlet.handler.AbstractHandlerMethodMapping$MappingRegistry:547] : Mapped "{[/sendMail2]}" onto public void com.xinho.springboot.mail.controller.MailController.testHtmlMail() throws java.lang.Exception
2018-09-28 14:34:13.697 - INFO 12808 [org.springframework.web.servlet.handler.AbstractHandlerMethodMapping$MappingRegistry:547] : Mapped "{[/sendMail5]}" onto public void com.xinho.springboot.mail.controller.MailController.sendTemplateMail()
2018-09-28 14:34:13.698 - INFO 12808 [org.springframework.web.servlet.handler.AbstractHandlerMethodMapping$MappingRegistry:547] : Mapped "{[/sendMail3]}" onto public void com.xinho.springboot.mail.controller.MailController.sendAttachmentsMail()
2018-09-28 14:34:13.699 - INFO 12808 [org.springframework.web.servlet.handler.AbstractHandlerMethodMapping$MappingRegistry:547] : Mapped "{[/sendMail4]}" onto public void com.xinho.springboot.mail.controller.MailController.sendInlineResourceMail()
2018-09-28 14:34:13.699 - INFO 12808 [org.springframework.web.servlet.handler.AbstractHandlerMethodMapping$MappingRegistry:547] : Mapped "{[/user]}" onto public java.lang.String com.xinho.springboot.mybatis.controller.MybatisDemoController.getUserStore()
2018-09-28 14:34:13.703 - INFO 12808 [org.springframework.web.servlet.handler.AbstractHandlerMethodMapping$MappingRegistry:547] : Mapped "{[/insert],methods=[POST]}" onto public int com.xinho.springboot.shardingJdbc.controller.UserController.insert(com.xinho.springboot.shardingJdbc.entity.UserInfo)
2018-09-28 14:34:13.704 - INFO 12808 [org.springframework.web.servlet.handler.AbstractHandlerMethodMapping$MappingRegistry:547] : Mapped "{[/insertSelective],methods=[POST]}" onto public int com.xinho.springboot.shardingJdbc.controller.UserController.insertSelective(com.xinho.springboot.shardingJdbc.entity.UserInfo)
2018-09-28 14:34:13.704 - INFO 12808 [org.springframework.web.servlet.handler.AbstractHandlerMethodMapping$MappingRegistry:547] : Mapped "{[/selectByPrimaryKey],methods=[GET]}" onto public com.xinho.springboot.shardingJdbc.entity.UserInfo com.xinho.springboot.shardingJdbc.controller.UserController.selectByPrimaryKey(java.lang.Long)
2018-09-28 14:34:13.705 - INFO 12808 [org.springframework.web.servlet.handler.AbstractHandlerMethodMapping$MappingRegistry:547] : Mapped "{[/updateByPrimaryKeySelective],methods=[PUT]}" onto public int com.xinho.springboot.shardingJdbc.controller.UserController.updateByPrimaryKeySelective(com.xinho.springboot.shardingJdbc.entity.UserInfo)
2018-09-28 14:34:13.705 - INFO 12808 [org.springframework.web.servlet.handler.AbstractHandlerMethodMapping$MappingRegistry:547] : Mapped "{[/updateByPrimaryKey],methods=[PUT]}" onto public int com.xinho.springboot.shardingJdbc.controller.UserController.updateByPrimaryKey(com.xinho.springboot.shardingJdbc.entity.UserInfo)
2018-09-28 14:34:13.706 - INFO 12808 [org.springframework.web.servlet.handler.AbstractHandlerMethodMapping$MappingRegistry:547] : Mapped "{[/findStoreById],methods=[GET]}" onto public java.util.List<com.xinho.springboot.jpa.model.UserStoreEntity> com.xinho.springboot.springCache.CacheController.findStoreById(java.lang.String)
2018-09-28 14:34:13.709 - INFO 12808 [org.springframework.web.servlet.handler.AbstractHandlerMethodMapping$MappingRegistry:547] : Mapped "{[/books/getBook/{id}],methods=[GET]}" onto public com.xinho.springboot.swagger.entity.Book com.xinho.springboot.swagger.controller.BookContrller.getBook(java.lang.Long)
2018-09-28 14:34:13.710 - INFO 12808 [org.springframework.web.servlet.handler.AbstractHandlerMethodMapping$MappingRegistry:547] : Mapped "{[/books/getBook],methods=[GET]}" onto public java.util.List<com.xinho.springboot.swagger.entity.Book> com.xinho.springboot.swagger.controller.BookContrller.getBook()
2018-09-28 14:34:13.710 - INFO 12808 [org.springframework.web.servlet.handler.AbstractHandlerMethodMapping$MappingRegistry:547] : Mapped "{[/books/postBook],methods=[POST]}" onto public java.lang.String com.xinho.springboot.swagger.controller.BookContrller.postBook(com.xinho.springboot.swagger.entity.Book)
2018-09-28 14:34:13.711 - INFO 12808 [org.springframework.web.servlet.handler.AbstractHandlerMethodMapping$MappingRegistry:547] : Mapped "{[/books/putUser/{id}],methods=[PUT]}" onto public java.lang.String com.xinho.springboot.swagger.controller.BookContrller.putUser(java.lang.Long,com.xinho.springboot.swagger.entity.Book)
2018-09-28 14:34:13.711 - INFO 12808 [org.springframework.web.servlet.handler.AbstractHandlerMethodMapping$MappingRegistry:547] : Mapped "{[/books/{id}],methods=[DELETE]}" onto public java.lang.String com.xinho.springboot.swagger.controller.BookContrller.deleteUser(java.lang.Long)
2018-09-28 14:34:13.712 - INFO 12808 [org.springframework.web.servlet.handler.AbstractHandlerMethodMapping$MappingRegistry:547] : Mapped "{[/books/hi],methods=[GET]}" onto public java.lang.String com.xinho.springboot.swagger.controller.BookContrller.jsonTest()
2018-09-28 14:34:13.713 - INFO 12808 [org.springframework.web.servlet.handler.AbstractHandlerMethodMapping$MappingRegistry:547] : Mapped "{[/v2/api-docs],methods=[GET],produces=[application/json || application/hal+json]}" onto public org.springframework.http.ResponseEntity<springfox.documentation.spring.web.json.Json> springfox.documentation.swagger2.web.Swagger2Controller.getDocumentation(java.lang.String,javax.servlet.http.HttpServletRequest)
2018-09-28 14:34:13.717 - INFO 12808 [org.springframework.web.servlet.handler.AbstractHandlerMethodMapping$MappingRegistry:547] : Mapped "{[/swagger-resources/configuration/ui]}" onto org.springframework.http.ResponseEntity<springfox.documentation.swagger.web.UiConfiguration> springfox.documentation.swagger.web.ApiResourceController.uiConfiguration()
2018-09-28 14:34:13.719 - INFO 12808 [org.springframework.web.servlet.handler.AbstractHandlerMethodMapping$MappingRegistry:547] : Mapped "{[/swagger-resources]}" onto org.springframework.http.ResponseEntity<java.util.List<springfox.documentation.swagger.web.SwaggerResource>> springfox.documentation.swagger.web.ApiResourceController.swaggerResources()
2018-09-28 14:34:13.720 - INFO 12808 [org.springframework.web.servlet.handler.AbstractHandlerMethodMapping$MappingRegistry:547] : Mapped "{[/swagger-resources/configuration/security]}" onto org.springframework.http.ResponseEntity<springfox.documentation.swagger.web.SecurityConfiguration> springfox.documentation.swagger.web.ApiResourceController.securityConfiguration()
2018-09-28 14:34:13.725 - INFO 12808 [org.springframework.web.servlet.handler.AbstractHandlerMethodMapping$MappingRegistry:547] : Mapped "{[/error]}" onto public org.springframework.http.ResponseEntity<java.util.Map<java.lang.String, java.lang.Object>> org.springframework.boot.autoconfigure.web.servlet.error.BasicErrorController.error(javax.servlet.http.HttpServletRequest)
2018-09-28 14:34:13.725 - INFO 12808 [org.springframework.web.servlet.handler.AbstractHandlerMethodMapping$MappingRegistry:547] : Mapped "{[/error],produces=[text/html]}" onto public org.springframework.web.servlet.ModelAndView org.springframework.boot.autoconfigure.web.servlet.error.BasicErrorController.errorHtml(javax.servlet.http.HttpServletRequest,javax.servlet.http.HttpServletResponse)
2018-09-28 14:34:14.102 - INFO 12808 [org.springframework.web.servlet.handler.AbstractUrlHandlerMapping:373] : Mapped URL path [/**/favicon.ico] onto handler of type [class org.springframework.web.servlet.resource.ResourceHttpRequestHandler]
2018-09-28 14:34:14.402 - INFO 12808 [org.springframework.web.servlet.mvc.method.annotation.RequestMappingHandlerAdapter:574] : Looking for @ControllerAdvice: org.springframework.boot.web.servlet.context.AnnotationConfigServletWebServerApplicationContext@8e50104: startup date [Fri Sep 28 14:34:05 CST 2018]; root of context hierarchy
2018-09-28 14:35:21.807 - INFO 12808 [org.springframework.web.servlet.mvc.method.annotation.RequestMappingHandlerAdapter:591] : Detected @ModelAttribute methods in globalExceptionHandler
2018-09-28 14:35:21.808 - INFO 12808 [org.springframework.web.servlet.mvc.method.annotation.RequestMappingHandlerAdapter:598] : Detected @InitBinder methods in globalExceptionHandler
2018-09-28 14:35:21.895 - INFO 12808 [org.springframework.web.servlet.handler.AbstractUrlHandlerMapping:373] : Mapped URL path [/webjars/**] onto handler of type [class org.springframework.web.servlet.resource.ResourceHttpRequestHandler]
2018-09-28 14:35:21.896 - INFO 12808 [org.springframework.web.servlet.handler.AbstractUrlHandlerMapping:373] : Mapped URL path [/**] onto handler of type [class org.springframework.web.servlet.resource.ResourceHttpRequestHandler]
2018-09-28 14:35:23.289 - INFO 12808 [org.springframework.web.servlet.mvc.method.annotation.ExceptionHandlerExceptionResolver:288] : Detected @ExceptionHandler methods in globalExceptionHandler
2018-09-28 14:35:24.252 - WARN 12808 [org.springframework.boot.starter.redis.RedisStarterDeprecationWarningAutoConfiguration:43] : spring-boot-starter-redis is deprecated as of Spring Boot 1.4, please migrate to spring-boot-starter-data-redis
2018-09-28 14:35:24.288 - INFO 12808 [org.springframework.jmx.export.MBeanExporter:433] : Registering beans for JMX exposure on startup
2018-09-28 14:35:24.301 - INFO 12808 [org.springframework.jmx.export.MBeanExporter:895] : Bean with name 'rabbitConnectionFactory' has been autodetected for JMX exposure
2018-09-28 14:35:24.307 - INFO 12808 [org.springframework.jmx.export.MBeanExporter:675] : Located managed bean 'rabbitConnectionFactory': registering with JMX server as MBean [org.springframework.amqp.rabbit.connection:name=rabbitConnectionFactory,type=CachingConnectionFactory]
2018-09-28 14:35:24.337 - INFO 12808 [org.springframework.context.support.DefaultLifecycleProcessor$LifecycleGroup:351] : Starting beans in phase 2147483647
2018-09-28 14:35:24.337 - INFO 12808 [springfox.documentation.spring.web.plugins.DocumentationPluginsBootstrapper:120] : Context refreshed
2018-09-28 14:35:24.361 - INFO 12808 [springfox.documentation.spring.web.plugins.DocumentationPluginsBootstrapper:123] : Found 1 custom documentation plugin(s)
2018-09-28 14:35:24.382 - INFO 12808 [springfox.documentation.spring.web.scanners.ApiListingReferenceScanner:41] : Scanning for api listing references
2018-09-28 14:35:24.586 - INFO 12808 [springfox.documentation.spring.web.readers.operation.CachingOperationNameGenerator:40] : Generating unique operation named: getBookUsingGET_1
2018-09-28 14:35:24.655 - INFO 12808 [org.apache.juli.logging.DirectJDKLog:180] : Starting ProtocolHandler ["http-nio-8080"]
2018-09-28 14:35:24.677 - INFO 12808 [org.apache.juli.logging.DirectJDKLog:180] : Using a shared selector for servlet write/read
2018-09-28 14:35:24.713 - INFO 12808 [org.springframework.boot.web.embedded.tomcat.TomcatWebServer:206] : Tomcat started on port(s): 8080 (http) with context path ''
2018-09-28 14:35:24.718 - INFO 12808 [org.springframework.boot.StartupInfoLogger:59] : Started SpringbootDemoApplication in 80.447 seconds (JVM running for 84.939)
